<?xml version="1.0" encoding="UTF-8"?>
<!-- Generated by org.testng.reporters.JUnitReportReporter -->
<testsuite hostname="QT-INBG-LT1133" failures="0" tests="2" name="Selenium_pgms.Test_NG_pgm" time="19.065" errors="0" timestamp="2024-01-07T20:02:02 IST" skipped="0">
  <testcase classname="Selenium_pgms.Test_NG_pgm" name="Amazon" time="10.353"/>
  <testcase classname="Selenium_pgms.Test_NG_pgm" name="flip" time="8.712"/>
</testsuite> <!-- Selenium_pgms.Test_NG_pgm -->
